<?xml version="1.0" encoding="UTF-8"?>
<!-- Generated by org.testng.reporters.JUnitReportReporter -->
<testsuite skipped="0" hostname="Karthik" name="com.gmail.tests.LoginTests" tests="1" failures="0" timestamp="21 Feb 2018 07:22:18 GMT" time="16.640" errors="0">
  <testcase name="testInboxPageTitle" time="16.640" classname="com.gmail.tests.LoginTests"/>
</testsuite> <!-- com.gmail.tests.LoginTests -->
